<?xml version="1.0" encoding="UTF-8"?>
<!-- Generated by org.testng.reporters.JUnitXMLReporter -->
<testsuite ignored="27" hostname="wintlt-ThinkPad-E14-Gen-2" failures="0" tests="28" name="Oneway Search" time="25.078" errors="0" timestamp="2022-03-28T15:12:54 IST">
  <testcase classname="runner.EngineApiTest" name="request" time="0.05"/>
  <testcase classname="runner.EngineApiTest" name="verifyOnewaySearching" time="6.273"/>
  <testcase classname="runner.EngineApiTest" name="onewayShopping" time="0.257"/>
  <testcase classname="runner.EngineApiTest" name="onewayOffer" time="0.163"/>
  <testcase classname="runner.EngineApiTest" name="onewayOwner" time="0.216"/>
  <testcase classname="runner.EngineApiTest" name="onewayOwnerName" time="0.149"/>
  <testcase classname="runner.EngineApiTest" name="onewayItinerary" time="0.142"/>
  <testcase classname="runner.EngineApiTest" name="onewayIdentifier" time="0.146"/>
  <testcase classname="runner.EngineApiTest" name="onewayPcc" time="0.145"/>
  <testcase classname="runner.EngineApiTest" name="onewayProviderInfo" time="0.135"/>
  <testcase classname="runner.EngineApiTest" name="onewayCabinType" time="0.14"/>
  <testcase classname="runner.EngineApiTest" name="onewayBaseBookingCurrencyPrice" time="0.139"/>
  <testcase classname="runner.EngineApiTest" name="onewayTaxBookingCurrencyPrice" time="0.134"/>
  <testcase classname="runner.EngineApiTest" name="onewayFopRef" time="0.153"/>
  <testcase classname="runner.EngineApiTest" name="onewayBookingCurrencyCode" time="0.131"/>
  <testcase classname="runner.EngineApiTest" name="pricingVerify" time="2.484"/>
  <testcase classname="runner.EngineApiTest" name="pricingShoppingResponseId" time="0.034"/>
  <testcase classname="runner.EngineApiTest" name="offerResponseId" time="0.032"/>
  <testcase classname="runner.EngineApiTest" name="pricingOfferId" time="0.036"/>
  <testcase classname="runner.EngineApiTest" name="bookingCurrencyPrice" time="0.017"/>
  <testcase classname="runner.EngineApiTest" name="bookingVerify" time="13.892"/>
  <testcase classname="runner.EngineApiTest" name="responseOrderId" time="0.034"/>
  <testcase classname="runner.EngineApiTest" name="gdsBookingReference" time="0.022"/>
  <testcase classname="runner.EngineApiTest" name="orderStatus" time="0.025"/>
  <testcase classname="runner.EngineApiTest" name="fareType" time="0.022"/>
  <testcase classname="runner.EngineApiTest" name="orgFareType" time="0.016"/>
  <testcase classname="runner.EngineApiTest" name="supplierId" time="0.016"/>
  <testcase classname="runner.EngineApiTest" name="flightDeparture" time="0.018"/>
  <testcase classname="runner.EngineApiTest" name="multiCityRequest" time="0.0">
    <ignored/>
  </testcase> <!-- multiCityRequest -->
  <testcase classname="runner.EngineApiTest" name="returnSearchRequest" time="0.0">
    <ignored/>
  </testcase> <!-- returnSearchRequest -->
  <testcase classname="runner.EngineApiTest" name="openJawPricingShoppingResponseId" time="0.0">
    <ignored/>
  </testcase> <!-- openJawPricingShoppingResponseId -->
  <testcase classname="runner.EngineApiTest" name="returnPricingShoppingResponseId" time="0.0">
    <ignored/>
  </testcase> <!-- returnPricingShoppingResponseId -->
  <testcase classname="runner.EngineApiTest" name="multiCityPricingShoppingResponseId" time="0.0">
    <ignored/>
  </testcase> <!-- multiCityPricingShoppingResponseId -->
  <testcase classname="runner.EngineApiTest" name="openJawPricing" time="0.0">
    <ignored/>
  </testcase> <!-- openJawPricing -->
  <testcase classname="runner.EngineApiTest" name="returnBooking" time="0.0">
    <ignored/>
  </testcase> <!-- returnBooking -->
  <testcase classname="runner.EngineApiTest" name="onewayCardSearching" time="0.0">
    <ignored/>
  </testcase> <!-- onewayCardSearching -->
  <testcase classname="runner.EngineApiTest" name="multiCitySearch" time="0.0">
    <ignored/>
  </testcase> <!-- multiCitySearch -->
  <testcase classname="runner.EngineApiTest" name="returnBookingResponseOrderId" time="0.0">
    <ignored/>
  </testcase> <!-- returnBookingResponseOrderId -->
  <testcase classname="runner.EngineApiTest" name="openJawBooking" time="0.0">
    <ignored/>
  </testcase> <!-- openJawBooking -->
  <testcase classname="runner.EngineApiTest" name="returnShopping" time="0.0">
    <ignored/>
  </testcase> <!-- returnShopping -->
  <testcase classname="runner.EngineApiTest" name="onewayCardShopping" time="0.0">
    <ignored/>
  </testcase> <!-- onewayCardShopping -->
  <testcase classname="runner.EngineApiTest" name="returnSearch" time="0.0">
    <ignored/>
  </testcase> <!-- returnSearch -->
  <testcase classname="runner.EngineApiTest" name="multiCityShopping" time="0.0">
    <ignored/>
  </testcase> <!-- multiCityShopping -->
  <testcase classname="runner.EngineApiTest" name="cardRequest" time="0.0">
    <ignored/>
  </testcase> <!-- cardRequest -->
  <testcase classname="runner.EngineApiTest" name="onFlyMarkupVerify" time="0.0">
    <ignored/>
  </testcase> <!-- onFlyMarkupVerify -->
  <testcase classname="runner.EngineApiTest" name="openJawRequest" time="0.0">
    <ignored/>
  </testcase> <!-- openJawRequest -->
  <testcase classname="runner.EngineApiTest" name="openJawBookingResponseOrderId" time="0.0">
    <ignored/>
  </testcase> <!-- openJawBookingResponseOrderId -->
  <testcase classname="runner.EngineApiTest" name="openJawShopping" time="0.0">
    <ignored/>
  </testcase> <!-- openJawShopping -->
  <testcase classname="runner.EngineApiTest" name="multiCityBookingResponseOrderId" time="0.0">
    <ignored/>
  </testcase> <!-- multiCityBookingResponseOrderId -->
  <testcase classname="runner.EngineApiTest" name="returnPricing" time="0.0">
    <ignored/>
  </testcase> <!-- returnPricing -->
  <testcase classname="runner.EngineApiTest" name="multiCityPricing" time="0.0">
    <ignored/>
  </testcase> <!-- multiCityPricing -->
  <testcase classname="runner.EngineApiTest" name="onewayCardBookingVerify" time="0.0">
    <ignored/>
  </testcase> <!-- onewayCardBookingVerify -->
  <testcase classname="runner.EngineApiTest" name="multiCityBooking" time="0.0">
    <ignored/>
  </testcase> <!-- multiCityBooking -->
  <testcase classname="runner.EngineApiTest" name="onewayCardPricingVerify" time="0.0">
    <ignored/>
  </testcase> <!-- onewayCardPricingVerify -->
  <testcase classname="runner.EngineApiTest" name="openJawSearch" time="0.0">
    <ignored/>
  </testcase> <!-- openJawSearch -->
</testsuite> <!-- Oneway Search -->
