<?xml version="1.0" encoding="UTF-8"?>
<!-- Generated by org.testng.reporters.JUnitXMLReporter -->
<testsuite ignored="48" hostname="wintlt-ThinkPad-E14-Gen-2" failures="0" tests="7" name="Return Search" time="59.039" errors="0" timestamp="2022-03-28T15:13:53 IST">
  <testcase classname="runner.EngineApiTest" name="returnSearchRequest" time="0.003"/>
  <testcase classname="runner.EngineApiTest" name="returnSearch" time="5.825"/>
  <testcase classname="runner.EngineApiTest" name="returnShopping" time="0.217"/>
  <testcase classname="runner.EngineApiTest" name="returnPricing" time="10.813"/>
  <testcase classname="runner.EngineApiTest" name="returnPricingShoppingResponseId" time="0.059"/>
  <testcase classname="runner.EngineApiTest" name="returnBooking" time="42.084"/>
  <testcase classname="runner.EngineApiTest" name="returnBookingResponseOrderId" time="0.032"/>
  <testcase classname="runner.EngineApiTest" name="onewayFopRef" time="0.0">
    <ignored/>
  </testcase> <!-- onewayFopRef -->
  <testcase classname="runner.EngineApiTest" name="verifyOnewaySearching" time="0.0">
    <ignored/>
  </testcase> <!-- verifyOnewaySearching -->
  <testcase classname="runner.EngineApiTest" name="openJawRequest" time="0.0">
    <ignored/>
  </testcase> <!-- openJawRequest -->
  <testcase classname="runner.EngineApiTest" name="cardRequest" time="0.0">
    <ignored/>
  </testcase> <!-- cardRequest -->
  <testcase classname="runner.EngineApiTest" name="bookingVerify" time="0.0">
    <ignored/>
  </testcase> <!-- bookingVerify -->
  <testcase classname="runner.EngineApiTest" name="multiCityShopping" time="0.0">
    <ignored/>
  </testcase> <!-- multiCityShopping -->
  <testcase classname="runner.EngineApiTest" name="onewayBaseBookingCurrencyPrice" time="0.0">
    <ignored/>
  </testcase> <!-- onewayBaseBookingCurrencyPrice -->
  <testcase classname="runner.EngineApiTest" name="multiCityPricingShoppingResponseId" time="0.0">
    <ignored/>
  </testcase> <!-- multiCityPricingShoppingResponseId -->
  <testcase classname="runner.EngineApiTest" name="onewayOwnerName" time="0.0">
    <ignored/>
  </testcase> <!-- onewayOwnerName -->
  <testcase classname="runner.EngineApiTest" name="onewayPcc" time="0.0">
    <ignored/>
  </testcase> <!-- onewayPcc -->
  <testcase classname="runner.EngineApiTest" name="fareType" time="0.0">
    <ignored/>
  </testcase> <!-- fareType -->
  <testcase classname="runner.EngineApiTest" name="openJawShopping" time="0.0">
    <ignored/>
  </testcase> <!-- openJawShopping -->
  <testcase classname="runner.EngineApiTest" name="openJawPricing" time="0.0">
    <ignored/>
  </testcase> <!-- openJawPricing -->
  <testcase classname="runner.EngineApiTest" name="onewayCardShopping" time="0.0">
    <ignored/>
  </testcase> <!-- onewayCardShopping -->
  <testcase classname="runner.EngineApiTest" name="pricingVerify" time="0.0">
    <ignored/>
  </testcase> <!-- pricingVerify -->
  <testcase classname="runner.EngineApiTest" name="openJawPricingShoppingResponseId" time="0.0">
    <ignored/>
  </testcase> <!-- openJawPricingShoppingResponseId -->
  <testcase classname="runner.EngineApiTest" name="gdsBookingReference" time="0.0">
    <ignored/>
  </testcase> <!-- gdsBookingReference -->
  <testcase classname="runner.EngineApiTest" name="onewayIdentifier" time="0.0">
    <ignored/>
  </testcase> <!-- onewayIdentifier -->
  <testcase classname="runner.EngineApiTest" name="multiCityBooking" time="0.0">
    <ignored/>
  </testcase> <!-- multiCityBooking -->
  <testcase classname="runner.EngineApiTest" name="onewayCardPricingVerify" time="0.0">
    <ignored/>
  </testcase> <!-- onewayCardPricingVerify -->
  <testcase classname="runner.EngineApiTest" name="openJawSearch" time="0.0">
    <ignored/>
  </testcase> <!-- openJawSearch -->
  <testcase classname="runner.EngineApiTest" name="onewayCabinType" time="0.0">
    <ignored/>
  </testcase> <!-- onewayCabinType -->
  <testcase classname="runner.EngineApiTest" name="multiCityPricing" time="0.0">
    <ignored/>
  </testcase> <!-- multiCityPricing -->
  <testcase classname="runner.EngineApiTest" name="onewayCardBookingVerify" time="0.0">
    <ignored/>
  </testcase> <!-- onewayCardBookingVerify -->
  <testcase classname="runner.EngineApiTest" name="pricingOfferId" time="0.0">
    <ignored/>
  </testcase> <!-- pricingOfferId -->
  <testcase classname="runner.EngineApiTest" name="flightDeparture" time="0.0">
    <ignored/>
  </testcase> <!-- flightDeparture -->
  <testcase classname="runner.EngineApiTest" name="bookingCurrencyPrice" time="0.0">
    <ignored/>
  </testcase> <!-- bookingCurrencyPrice -->
  <testcase classname="runner.EngineApiTest" name="onewayCardSearching" time="0.0">
    <ignored/>
  </testcase> <!-- onewayCardSearching -->
  <testcase classname="runner.EngineApiTest" name="onewayBookingCurrencyCode" time="0.0">
    <ignored/>
  </testcase> <!-- onewayBookingCurrencyCode -->
  <testcase classname="runner.EngineApiTest" name="onewayTaxBookingCurrencyPrice" time="0.0">
    <ignored/>
  </testcase> <!-- onewayTaxBookingCurrencyPrice -->
  <testcase classname="runner.EngineApiTest" name="orgFareType" time="0.0">
    <ignored/>
  </testcase> <!-- orgFareType -->
  <testcase classname="runner.EngineApiTest" name="onFlyMarkupVerify" time="0.0">
    <ignored/>
  </testcase> <!-- onFlyMarkupVerify -->
  <testcase classname="runner.EngineApiTest" name="openJawBooking" time="0.0">
    <ignored/>
  </testcase> <!-- openJawBooking -->
  <testcase classname="runner.EngineApiTest" name="onewayOwner" time="0.0">
    <ignored/>
  </testcase> <!-- onewayOwner -->
  <testcase classname="runner.EngineApiTest" name="openJawBookingResponseOrderId" time="0.0">
    <ignored/>
  </testcase> <!-- openJawBookingResponseOrderId -->
  <testcase classname="runner.EngineApiTest" name="offerResponseId" time="0.0">
    <ignored/>
  </testcase> <!-- offerResponseId -->
  <testcase classname="runner.EngineApiTest" name="onewayProviderInfo" time="0.0">
    <ignored/>
  </testcase> <!-- onewayProviderInfo -->
  <testcase classname="runner.EngineApiTest" name="onewayItinerary" time="0.0">
    <ignored/>
  </testcase> <!-- onewayItinerary -->
  <testcase classname="runner.EngineApiTest" name="orderStatus" time="0.0">
    <ignored/>
  </testcase> <!-- orderStatus -->
  <testcase classname="runner.EngineApiTest" name="multiCityBookingResponseOrderId" time="0.0">
    <ignored/>
  </testcase> <!-- multiCityBookingResponseOrderId -->
  <testcase classname="runner.EngineApiTest" name="onewayShopping" time="0.0">
    <ignored/>
  </testcase> <!-- onewayShopping -->
  <testcase classname="runner.EngineApiTest" name="pricingShoppingResponseId" time="0.0">
    <ignored/>
  </testcase> <!-- pricingShoppingResponseId -->
  <testcase classname="runner.EngineApiTest" name="multiCityRequest" time="0.0">
    <ignored/>
  </testcase> <!-- multiCityRequest -->
  <testcase classname="runner.EngineApiTest" name="onewayOffer" time="0.0">
    <ignored/>
  </testcase> <!-- onewayOffer -->
  <testcase classname="runner.EngineApiTest" name="multiCitySearch" time="0.0">
    <ignored/>
  </testcase> <!-- multiCitySearch -->
  <testcase classname="runner.EngineApiTest" name="supplierId" time="0.0">
    <ignored/>
  </testcase> <!-- supplierId -->
  <testcase classname="runner.EngineApiTest" name="responseOrderId" time="0.0">
    <ignored/>
  </testcase> <!-- responseOrderId -->
  <testcase classname="runner.EngineApiTest" name="request" time="0.0">
    <ignored/>
  </testcase> <!-- request -->
</testsuite> <!-- Return Search -->
