<?xml version="1.0" encoding="UTF-8"?>
<testsuite xmlns:xsi="http://www.w3.org/2001/XMLSchema-instance" xsi:noNamespaceSchemaLocation="https://maven.apache.org/surefire/maven-surefire-plugin/xsd/surefire-test-report-3.0.xsd" version="3.0" name="TestSuite" time="211.88" tests="55" errors="0" skipped="0" failures="0">
  <properties>
[...]
</properties>
  <testcase name="request" classname="runner.EngineApiTest" time="0.058">
    <system-out><![CDATA[15:12:29.623 [main] INFO  listener.TestListeners - <b>Test Method requestStarted<b>
15:12:29.663 [main] INFO  listener.TestListeners - <b>Test Method requestSuccess<b>
]]></system-out>
  </testcase>
  <testcase name="verifyOnewaySearching" classname="runner.EngineApiTest" time="6.298">
    <system-out><![CDATA[15:12:29.674 [main] INFO  listener.TestListeners - <b>Test Method verifyOnewaySearchingStarted<b>
15:12:29.674 [main] INFO  runner.EngineApiTest - SUCCESS
{"AirShoppingRQ":{"Party":{"Sender":{"TravelAgencySender":{"AgencyID":"","Contacts":{"Contact":[{"EmailContact":"srilanakamrst@gmail.com"}]},"IATA_Number":"","Name":"MRST"}}},"DataLists":{"PassengerList":{"Passenger":[{"PassengerID":"T1","PTC":"ADT"},{"PassengerID":"T2","PTC":"CHD"},{"PassengerID":"T3","PTC":"INF"}]}},"Preference":{"FreeBaggage":"N","FareType":["BOTH"],"NoOfStops":[],"DoubleOneWay":"","Refundable":"","SourceFrom":["ALL"],"AirlinePreference":{"ExcludeAirlines":[],"PreferedAirlines":["WY"]},"NearByAirports":"","RbdPreference":{"ExcludeRbds":[],"RequireAllRbd":"N","PreferedRbds":[]},"Penalties":{"Refundable":"N","ZeroChangeFee":"N","NoCancellationFee":"N","RebookingPossible":"N"},"Cabin":"ECONOMY","DirectFlight":"","TripType":"Oneway","ConnectionTime":{"Min":"","Max":""},"StopPreference":{"PreferedStops":[],"ExcludeStops":[]},"AlternateDays":0,"CountryPreference":{"ExcludeCountry":[]},"AlliancePreference":{"PreferedAlliance":[],"ExcludeAlliance":[]}},"MetaData":{"LocalPccCountry":"IN","Tracking":"Y","RecommendedFare":"Y","Currency":"CAD","ProductType":"F","FareGrouping":"deal","TraceId":"163672258977","PortalUserGroup":"G1","UpSale":"Y","ParentAccountId":4},"CoreQuery":{"OriginDestinations":{"OriginDestination":[{"Departure":{"DepartureTime":{"From":"","To":""},"NoOfMiles":"","AirportCode":"MAA","Date":"2022-09-24"},"Arrival":{"NoOfMiles":"","AirportCode":"DXB"}}]}}}}
Request method:	POST
Request URI:	https://newapi.tltid.com/AirShopping
Proxy:			<none>
Request params:	<none>
Query params:	<none>
Form params:	<none>
Path params:	<none>
Headers:		Authorization=c06d06da9666a219db15cf575aff28241648128226
				Connection=keep-alive
				Accept=*/*
				Content-Type=application/json
Cookies:		<none>
Multiparts:		<none>
Body:
{
    "AirShoppingRQ": {
        "Party": {
            "Sender": {
                "TravelAgencySender": {
                    "AgencyID": "",
                    "Contacts": {
                        "Contact": [
                            {
                                "EmailContact": "srilanakamrst@gmail.com"
                            }
                        ]
                    },
                    "IATA_Number": "",
                    "Name": "MRST"
                }
            }
        },
        "DataLists": {
            "PassengerList": {
                "Passenger": [
                    {
                        "PassengerID": "T1",
                        "PTC": "ADT"
                    },
                    {
                        "PassengerID": "T2",
                        "PTC": "CHD"
                    },
                    {
                        "PassengerID": "T3",
                        "PTC": "INF"
                    }
                ]
            }
        },
        "Preference": {
            "FreeBaggage": "N",
            "FareType": [
                "BOTH"
            ],
            "NoOfStops": [
                
            ],
            "DoubleOneWay": "",
            "Refundable": "",
            "SourceFrom": [
                "ALL"
            ],
            "AirlinePreference": {
                "ExcludeAirlines": [
                    
                ],
                "PreferedAirlines": [
                    "WY"
                ]
            },
            "NearByAirports": "",
            "RbdPreference": {
                "ExcludeRbds": [
                    
                ],
                "RequireAllRbd": "N",
                "PreferedRbds": [
                    
                ]
            },
            "Penalties": {
                "Refundable": "N",
                "ZeroChangeFee": "N",
                "NoCancellationFee": "N",
                "RebookingPossible": "N"
            },
            "Cabin": "ECONOMY",
            "DirectFlight": "",
            "TripType": "Oneway",
            "ConnectionTime": {
                "Min": "",
                "Max": ""
            },
            "StopPreference": {
                "PreferedStops": [
                    
                ],
                "ExcludeStops": [
                    
                ]
            },
            "AlternateDays": 0,
            "CountryPreference": {
                "ExcludeCountry": [
                    
                ]
            },
            "AlliancePreference": {
                "PreferedAlliance": [
                    
                ],
                "ExcludeAlliance": [
                    
                ]
            }
        },
        "MetaData": {
            "LocalPccCountry": "IN",
            "Tracking": "Y",
            "RecommendedFare": "Y",
            "Currency": "CAD",
            "ProductType": "F",
            "FareGrouping": "deal",
            "TraceId": "163672258977",
            "PortalUserGroup": "G1",
            "UpSale": "Y",
            "ParentAccountId": 4
        },
        "CoreQuery": {
            "OriginDestinations": {
                "OriginDestination": [
                    {
                        "Departure": {
                            "DepartureTime": {
                                "From": "",
                                "To": ""
                            },
                            "NoOfMiles": "",
                            "AirportCode": "MAA",
                            "Date": "2022-09-24"
                        },
                        "Arrival": {
                            "NoOfMiles": "",
                            "AirportCode": "DXB"
                        }
                    }
                ]
            }
        }
    }
}
true
null
15:12:35.946 [main] INFO  onewayBooking.AirShopping - null
15:12:35.946 [main] INFO  listener.TestListeners - <b>Test Method verifyOnewaySearchingSuccess<b>
]]></system-out>
  </testcase>
  <testcase name="onewayShopping" classname="runner.EngineApiTest" time="0.234">
    <system-out><![CDATA[15:12:35.947 [main] INFO  listener.TestListeners - <b>Test Method onewayShoppingStarted<b>
true
1648460552057715202
15:12:36.203 [main] INFO  onewayBooking.AirShopping - 1648460552057715202
15:12:36.204 [main] INFO  listener.TestListeners - <b>Test Method onewayShoppingSuccess<b>
]]></system-out>
  </testcase>
  <testcase name="onewayOffer" classname="runner.EngineApiTest" time="0.165">
    <system-out><![CDATA[15:12:36.205 [main] INFO  listener.TestListeners - <b>Test Method onewayOfferStarted<b>
true
1777142611648460552448528347
15:12:36.368 [main] INFO  onewayBooking.AirShopping - 1777142611648460552448528347
15:12:36.369 [main] INFO  listener.TestListeners - <b>Test Method onewayOfferSuccess<b>
]]></system-out>
  </testcase>
  <testcase name="onewayOwner" classname="runner.EngineApiTest" time="0.216">
    <system-out><![CDATA[15:12:36.370 [main] INFO  listener.TestListeners - <b>Test Method onewayOwnerStarted<b>
true
WY
15:12:36.585 [main] INFO  onewayBooking.AirShopping - WY
15:12:36.586 [main] INFO  listener.TestListeners - <b>Test Method onewayOwnerSuccess<b>
]]></system-out>
  </testcase>
  <testcase name="onewayOwnerName" classname="runner.EngineApiTest" time="0.149">
    <system-out><![CDATA[15:12:36.587 [main] INFO  listener.TestListeners - <b>Test Method onewayOwnerNameStarted<b>
true
Oman Air
15:12:36.735 [main] INFO  onewayBooking.AirShopping - Oman Air
15:12:36.735 [main] INFO  listener.TestListeners - <b>Test Method onewayOwnerNameSuccess<b>
]]></system-out>
  </testcase>
  <testcase name="onewayItinerary" classname="runner.EngineApiTest" time="0.142">
    <system-out><![CDATA[15:12:36.736 [main] INFO  listener.TestListeners - <b>Test Method onewayItineraryStarted<b>
true
23
15:12:36.877 [main] INFO  onewayBooking.AirShopping - 23
15:12:36.877 [main] INFO  listener.TestListeners - <b>Test Method onewayItinerarySuccess<b>
]]></system-out>
  </testcase>
  <testcase name="onewayIdentifier" classname="runner.EngineApiTest" time="0.146">
    <system-out><![CDATA[15:12:36.878 [main] INFO  listener.TestListeners - <b>Test Method onewayIdentifierStarted<b>
true
Travelport_Engine_Travelport
15:12:37.023 [main] INFO  onewayBooking.AirShopping - Travelport_Engine_Travelport
15:12:37.023 [main] INFO  listener.TestListeners - <b>Test Method onewayIdentifierSuccess<b>
]]></system-out>
  </testcase>
  <testcase name="onewayPcc" classname="runner.EngineApiTest" time="0.145">
    <system-out><![CDATA[15:12:37.024 [main] INFO  listener.TestListeners - <b>Test Method onewayPccStarted<b>
true
229G
15:12:37.168 [main] INFO  onewayBooking.AirShopping - 229G
15:12:37.169 [main] INFO  listener.TestListeners - <b>Test Method onewayPccSuccess<b>
]]></system-out>
  </testcase>
  <testcase name="onewayProviderInfo" classname="runner.EngineApiTest" time="0.135">
    <system-out><![CDATA[15:12:37.170 [main] INFO  listener.TestListeners - <b>Test Method onewayProviderInfoStarted<b>
true
Travelport
15:12:37.304 [main] INFO  onewayBooking.AirShopping - Travelport
15:12:37.304 [main] INFO  listener.TestListeners - <b>Test Method onewayProviderInfoSuccess<b>
]]></system-out>
  </testcase>
  <testcase name="onewayCabinType" classname="runner.EngineApiTest" time="0.14">
    <system-out><![CDATA[15:12:37.305 [main] INFO  listener.TestListeners - <b>Test Method onewayCabinTypeStarted<b>
true
ECONOMY
15:12:37.444 [main] INFO  onewayBooking.AirShopping - ECONOMY
15:12:37.444 [main] INFO  listener.TestListeners - <b>Test Method onewayCabinTypeSuccess<b>
]]></system-out>
  </testcase>
  <testcase name="onewayBaseBookingCurrencyPrice" classname="runner.EngineApiTest" time="0.141">
    <system-out><![CDATA[15:12:37.445 [main] INFO  listener.TestListeners - <b>Test Method onewayBaseBookingCurrencyPriceStarted<b>
true
516.0
15:12:37.584 [main] INFO  onewayBooking.AirShopping - 516.0
15:12:37.585 [main] INFO  listener.TestListeners - <b>Test Method onewayBaseBookingCurrencyPriceSuccess<b>
]]></system-out>
  </testcase>
  <testcase name="onewayTaxBookingCurrencyPrice" classname="runner.EngineApiTest" time="0.136">
    <system-out><![CDATA[15:12:37.586 [main] INFO  listener.TestListeners - <b>Test Method onewayTaxBookingCurrencyPriceStarted<b>
true
168.0
15:12:37.720 [main] INFO  onewayBooking.AirShopping - 168.0
15:12:37.721 [main] INFO  listener.TestListeners - <b>Test Method onewayTaxBookingCurrencyPriceSuccess<b>
]]></system-out>
  </testcase>
  <testcase name="onewayFopRef" classname="runner.EngineApiTest" time="0.153">
    <system-out><![CDATA[15:12:37.721 [main] INFO  listener.TestListeners - <b>Test Method onewayFopRefStarted<b>
true
FOP_577_577_1426_772_WY_PRI
15:12:37.874 [main] INFO  onewayBooking.AirShopping - FOP_577_577_1426_772_WY_PRI
15:12:37.874 [main] INFO  listener.TestListeners - <b>Test Method onewayFopRefSuccess<b>
]]></system-out>
  </testcase>
  <testcase name="onewayBookingCurrencyCode" classname="runner.EngineApiTest" time="0.131">
    <system-out><![CDATA[15:12:37.875 [main] INFO  listener.TestListeners - <b>Test Method onewayBookingCurrencyCodeStarted<b>
true
CAD
15:12:38.004 [main] INFO  onewayBooking.AirShopping - CAD
15:12:38.005 [main] INFO  listener.TestListeners - <b>Test Method onewayBookingCurrencyCodeSuccess<b>
]]></system-out>
  </testcase>
  <testcase name="pricingVerify" classname="runner.EngineApiTest" time="2.489">
    <system-out><![CDATA[15:12:38.005 [main] INFO  listener.TestListeners - <b>Test Method pricingVerifyStarted<b>
15:12:38.006 [main] INFO  runner.EngineApiTest - SUCCESS
1648460552057715202
15:12:38.101 [main] INFO  onewayBooking.AirShopping - 1648460552057715202
1777142611648460552448528347
15:12:38.101 [main] INFO  onewayBooking.AirShopping - 1777142611648460552448528347
Request method:	POST
Request URI:	https://newapi.tltid.com/AirOfferPrice
Proxy:			<none>
Request params:	<none>
Query params:	<none>
Form params:	<none>
Path params:	<none>
Headers:		Authorization=c06d06da9666a219db15cf575aff28241648128226
				Connection=keep-alive
				Accept=*/*
				Content-Type=application/json
Cookies:		<none>
Multiparts:		<none>
Body:
{
    "OfferPriceRQ": {
        "Sender": {
            "TravelAgencySender": {
                "AgencyID": "MRST",
                "Contacts": {
                    "Contact": [
                        {
                            "EmailContact": "srilanakamrst@gmail.com"
                        }
                    ]
                },
                "IATA_Number": "",
                "Name": "MRST"
            }
        },
        "DataLists": {
            "PassengerList": {
                "Passenger": [
                    {
                        "PassengerID": "T1",
                        "PTC": "ADT"
                    },
                    {
                        "PassengerID": "T2",
                        "PTC": "CHD"
                    },
                    {
                        "PassengerID": "T3",
                        "PTC": "INF"
                    }
                ]
            }
        },
        "Query": {
            "Offer": [
                {
                    "OfferID": "1777142611648460552448528347"
                }
            ]
        },
        "MetaData": {
            "TraceId": "161777799749"
        },
        "ShoppingResponseId": "1648460552057715202",
        "Document": {
            "ReferenceVersion": "1.0",
            "Name": "Skyroute B2B Portal"
        }
    }
}
null
15:12:40.489 [main] INFO  onewayBooking.AirShopping - null
15:12:40.490 [main] INFO  listener.TestListeners - <b>Test Method pricingVerifySuccess<b>
]]></system-out>
  </testcase>
  <testcase name="pricingShoppingResponseId" classname="runner.EngineApiTest" time="0.03">
    <system-out><![CDATA[15:12:40.491 [main] INFO  listener.TestListeners - <b>Test Method pricingShoppingResponseIdStarted<b>
1648460552057715202
15:12:40.524 [main] INFO  onewayBooking.AirShopping - 1648460552057715202
15:12:40.524 [main] INFO  listener.TestListeners - <b>Test Method pricingShoppingResponseIdSuccess<b>
]]></system-out>
  </testcase>
  <testcase name="offerResponseId" classname="runner.EngineApiTest" time="0.033">
    <system-out><![CDATA[15:12:40.525 [main] INFO  listener.TestListeners - <b>Test Method offerResponseIdStarted<b>
1648460559321503884
15:12:40.557 [main] INFO  onewayBooking.AirShopping - 1648460559321503884
15:12:40.557 [main] INFO  listener.TestListeners - <b>Test Method offerResponseIdSuccess<b>
]]></system-out>
  </testcase>
  <testcase name="pricingOfferId" classname="runner.EngineApiTest" time="0.038">
    <system-out><![CDATA[15:12:40.559 [main] INFO  listener.TestListeners - <b>Test Method pricingOfferIdStarted<b>
1777142611648460552448528347
15:12:40.594 [main] INFO  onewayBooking.AirShopping - 1777142611648460552448528347
15:12:40.594 [main] INFO  listener.TestListeners - <b>Test Method pricingOfferIdSuccess<b>
]]></system-out>
  </testcase>
  <testcase name="bookingCurrencyPrice" classname="runner.EngineApiTest" time="0.024">
    <system-out><![CDATA[15:12:40.596 [main] INFO  listener.TestListeners - <b>Test Method bookingCurrencyPriceStarted<b>
684.0
15:12:40.612 [main] INFO  onewayBooking.AirShopping - 684.0
15:12:40.612 [main] INFO  listener.TestListeners - <b>Test Method bookingCurrencyPriceSuccess<b>
]]></system-out>
  </testcase>
  <testcase name="bookingVerify" classname="runner.EngineApiTest" time="13.983">
    <system-out><![CDATA[15:12:40.613 [main] INFO  listener.TestListeners - <b>Test Method bookingVerifyStarted<b>
15:12:40.614 [main] INFO  runner.EngineApiTest - SUCCESS
1648460552057715202
15:12:40.618 [main] INFO  onewayBooking.AirShopping - 1648460552057715202
1648460559321503884
15:12:40.618 [main] INFO  onewayBooking.AirShopping - 1648460559321503884
1777142611648460552448528347
15:12:40.618 [main] INFO  onewayBooking.AirShopping - 1777142611648460552448528347
684.0
15:12:40.618 [main] INFO  onewayBooking.AirShopping - 684.0
Request method:	POST
Request URI:	https://newapi.tltid.com/AirOrderCreate
Proxy:			<none>
Request params:	<none>
Query params:	<none>
Form params:	<none>
Path params:	<none>
Headers:		Authorization=c06d06da9666a219db15cf575aff28241648128226
				Connection=keep-alive
				Accept=*/*
				Content-Type=application/json
Cookies:		<none>
Multiparts:		<none>
Body:
{
    "OrderCreateRQ": {
        "Query": {
            "Offer": [
                {
                    "OfferID": "1777142611648460552448528347"
                }
            ]
        },
        "PromoCode": "",
        "BookingReqId": "D80B9DF8",
        "BookingPgName": "",
        "Payments": {
            "Payment": [
                {
                    "Type": "CHECK",
                    "PassengerID": "ALL",
                    "Amount": 684.0,
                    "ChequeNumber": "000454",
                    "ItineraryId": "ALL"
                }
            ]
        },
        "RewardPoints": 0,
        "Document": {
            "ReferenceVersion": "1.0",
            "Name": "MRST"
        },
        "Party": {
            "Sender": {
                "TravelAgencySender": {
                    "AgencyID": "",
                    "Contacts": {
                        "Contact": [
                            {
                                "EmailContact": "srilanakamrst@gmail.com"
                            }
                        ]
                    },
                    "IATA_Number": "",
                    "Name": "MRST"
                }
            }
        },
        "OfferResponseId": "1648460559321503884",
        "AgentEmail": "a.pandian@wintlt.com",
        "QueueNumber": "",
        "DataLists": {
            "PassengerList": {
                "Passenger": [
                    {
                        "ContactAddress": {
                            "TypeOfAddress": "D",
                            "Address": "",
                            "State": "",
                            "Country": "",
                            "PostalCode": "",
                            "City": ""
                        },
                        "FirstName": "Rajan",
                        "SsrRequest": [
                            
                        ],
                        "Gender": "Male",
                        "MiddleName": "",
                        "SeatSelection": [
                            
                        ],
                        "OnflyDiscount": "0.00",
                        "NameTitle": "Mr",
                        "Passport": {
                            "ExpiryDate": "1970-01-01",
                            "Number": "",
                            "CountryCode": ""
                        },
                        "OptionalServices": [
                            
                        ],
                        "OnflyMarkup": "0.00",
                        "ContactInfoRef": "CTC1",
                        "Preference": {
                            "WheelChairPreference": {
                                "Reason": ""
                            },
                            "SeatPreference": "",
                            "MealPreference": ""
                        },
                        "RedressDetails": {
                            "RedressNumber": "",
                            "KnownTravellerNumber": ""
                        },
                        "attributes": {
                            "PassengerID": "ADT1"
                        },
                        "LastName": "Santhosh",
                        "PassengerRefID": "ADT1",
                        "PTC": "ADT",
                        "BirthDate": "1995-05-18"
                    },
                    {
                        "ContactAddress": {
                            "TypeOfAddress": "D",
                            "Address": "",
                            "State": "",
                            "Country": "",
                            "PostalCode": "",
                            "City": ""
                        },
                        "FirstName": "karan",
                        "SsrRequest": [
                            
                        ],
                        "Gender": "Male",
                        "MiddleName": "",
                        "SeatSelection": [
                            
                        ],
                        "OnflyDiscount": "0.00",
                        "NameTitle": "Mstr",
                        "Passport": {
                            "ExpiryDate": "1970-01-01",
                            "Number": "",
                            "CountryCode": ""
                        },
                        "OptionalServices": [
                            
                        ],
                        "OnflyMarkup": "0.00",
                        "ContactInfoRef": "CTC1",
                        "Preference": {
                            "WheelChairPreference": {
                                "Reason": ""
                            },
                            "SeatPreference": "",
                            "MealPreference": ""
                        },
                        "RedressDetails": {
                            "RedressNumber": "",
                            "KnownTravellerNumber": ""
                        },
                        "attributes": {
                            "PassengerID": "CHD1"
                        },
                        "LastName": "Arun",
                        "PassengerRefID": "CHD1",
                        "PTC": "CHD",
                        "BirthDate": "2010-05-28"
                    },
                    {
                        "ContactAddress": {
                            "TypeOfAddress": "D",
                            "Address": "",
                            "State": "",
                            "Country": "",
                            "PostalCode": "",
                            "City": ""
                        },
                        "FirstName": "Khan",
                        "SsrRequest": [
                            
                        ],
                        "Gender": "Male",
                        "MiddleName": "",
                        "SeatSelection": [
                            
                        ],
                        "OnflyDiscount": "0.00",
                        "NameTitle": "Mstr",
                        "Passport": {
                            "ExpiryDate": "1970-01-01",
                            "Number": "",
                            "CountryCode": ""
                        },
                        "OptionalServices": [
                            
                        ],
                        "OnflyMarkup": "0.00",
                        "ContactInfoRef": "CTC1",
                        "Preference": {
                            "WheelChairPreference": {
                                "Reason": ""
                            },
                            "SeatPreference": "",
                            "MealPreference": ""
                        },
                        "RedressDetails": {
                            "RedressNumber": "",
                            "KnownTravellerNumber": ""
                        },
                        "attributes": {
                            "PassengerID": "INF1"
                        },
                        "LastName": "Tharun",
                        "PassengerRefID": "INF1",
                        "PTC": "INF",
                        "BirthDate": "2020-05-29"
                    }
                ]
            },
            "ContactList": {
                "GstInformation": {
                    "gst_email": "",
                    "gst_number": "",
                    "gst_company_name": ""
                },
                "ContactInformation": [
                    {
                        "AgencyName": "MRST",
                        "Address": {
                            "StateProv": "ON",
                            "Street": [
                                "chennai",
                                ""
                            ],
                            "PostalCode": "625578",
                            "CityName": "chennai",
                            "CountryCode": "CA"
                        },
                        "PassengerContact": {
                            "Phone": {
                                "AreaCode": "",
                                "PhoneNumber": "9878766545",
                                "ContryCode": ""
                            },
                            "EmailAddress": "srilanakamrst@gmail.com"
                        },
                        "Phone": {
                            "AreaCode": "",
                            "PhoneNumber": "9058202266",
                            "ContryCode": "+1"
                        },
                        "ContactID": "CTC1",
                        "Mobile": {
                            "MobileNumber": "9058202266",
                            "ContryCode": "+1"
                        },
                        "EmailAddress": "srilanakamrst1@gmail.com"
                    }
                ]
            }
        },
        "GenerateVirtualCard": "N",
        "UdidNumber": [
            "998 NFOB2B",
            "295 Ratha",
            "9 MRST",
            "b2bui2.tltid.com"
        ],
        "SupTimeZone": "",
        "MetaData": {
            "Tracking": "Y"
        },
        "DkNumber": "1234567123",
        "BookingId": "18336",
        "ChequeNumber": "000454",
        "ShoppingResponseId": "1648460552057715202",
        "AgentName": "Ratha",
        "PromoDiscount": 0,
        "BookingType": "BOOK"
    }
}
{
    "OrderViewRS": {
        "Document": {
            "Name": "Clarity NDC GATEWAY",
            "ReferenceVersion": "1.0"
        },
        "Party": {
            "Sender": {
                "TravelAgencySender": {
                    "Name": "Engine_Automation_Live",
                    "IATA_Number": "",
                    "AgencyID": "Engine_Automation_Live",
                    "Contacts": {
                        "Contact": [
                            {
                                "EmailContact": "srilanakamrst@gmail.com"
                            }
                        ]
                    }
                }
            }
        },
        "ShoppingResponseId": "1648460552057715202",
        "Success": {
            
        },
        "Order": [
            {
                "OrderID": "T2P2Z4B1",
                "GdsBookingReference": "QDTM1L",
                "OrderStatus": "SUCCESS",
                "NeedToTicket": "N",
                "3dsPaymentRequired": "N",
                "PAReqKey": "",
                "SecurePaymentUrl": "",
                "TxnReferenceKey": "",
                "TicketInfo": [
                    
                ],
                "OptionalServiceStatus": "SUCCESS",
                "SeatSelectionStatus": "FAILED",
                "OfferID": "1777142611648460552448528347",
                "TicketingBotAgentMarkup": 0,
                "Owner": "WY",
                "OrgOwner": "WY",
                "OwnerName": "Oman Air",
                "FareType": "PRI",
                "OrgFareType": "PUB",
                "IsTaxModified": "N",
                "MinOneAdultAgeRequired": "N",
                "ItinMergeType": "",
                "BrandName": "",
                "IsBrandedFare": "N",
                "BrandedFareOptions": [
                    
                ],
                "OnewayBrandedOptions": [
                    
                ],
                "OnewayCabinOptions": [
                    
                ],
                "BrandTextInfo": [
                    
                ],
                "PccIdentifier": "Travelport_Engine_Travelport",
                "PCC": "229G",
                "ProviderCode": "1V",
                "ContentSourceId": 1426,
                "TicketContentSourceId": 1426,
                "ProviderInfo": "Travelport",
                "CabinType": "ECONOMY",
                "CabinOptions": [
                    
                ],
                "IsAdditionalCabinType": "N",
                "SsrRequestAllowed": "Y",
                "Eticket": "true",
                "PaymentMode": "PAB",
                "AllowHold": "Y",
                "AllowPassengerEmail": "N",
                "RestrictedFare": "false",
                "OfferExpirationDateTime": "2022-09-25 03:59:00",
                "PassportRequired": "N",
                "BookingCurrencyCode": "CAD",
                "EquivCurrencyCode": "CAD",
                "HstPercentage": 0,
                "MediaInfoDataRefKey": "",
                "SortTotal": 684,
                "CommissionableSortTotal": 678,
                "CSCountry": "CA",
                "FlightComKeyOrg": "WYPUBMAAMCT2022-09-24T15:30:002022-09-24T17:50:00WY254MCTDXB2022-09-24T20:10:002022-09-24T21:25:00WY611",
                "ContentSourceApiMode": "TEST",
                "RewardSettings": {
                    "RewardAvailable": "N",
                    "PointTypes": [
                        
                    ],
                    "PointValues": {
                        
                    }
                },
                "BookingFeeInfo": {
                    "FeeType": "",
                    "BookingCurrencyPrice": 0,
                    "EquivCurrencyPrice": 0
                },
                "TotalPrice": {
                    "BookingCurrencyPrice": 684,
                    "EquivCurrencyPrice": 684,
                    "ApiCurrencyPrice": 678
                },
                "PerPerson": {
                    "BookingCurrencyPrice": 228,
                    "EquivCurrencyPrice": 228
                },
                "PerPersonRounded": {
                    "BookingCurrencyPrice": 228,
                    "EquivCurrencyPrice": 228
                },
                "BasePrice": {
                    "BookingCurrencyPrice": 516,
                    "EquivCurrencyPrice": 516,
                    "ApiCurrencyPrice": 510
                },
                "TaxPrice": {
                    "BookingCurrencyPrice": 168,
                    "EquivCurrencyPrice": 168,
                    "ApiCurrencyPrice": 168
                },
                "CommissionableTotalPrice": {
                    "BookingCurrencyPrice": 678,
                    "EquivCurrencyPrice": 678,
                    "SortEquivCurrencyPrice": 678
                },
                "CommissionableBasePrice": {
                    "BookingCurrencyPrice": 510,
                    "EquivCurrencyPrice": 510
                },
                "CommissionablePerPerson": {
                    "BookingCurrencyPrice": 226,
                    "EquivCurrencyPrice": 226
                },
                "AirlineMaxMarkupInfo": {
                    "FareType": "PUB",
                    "GdsSource": "TRAVELPORT",
                    "IsMarkupAllowed": true,
                    "AllPaxMaxMarkup": 0,
                    "TemplateId": 0,
                    "TemplateName": "",
                    "CalculationOn": "PPBF",
                    "ShouldNotExceedPub": "N",
                    "RestrictAsCap": "N",
                    "MarkupDetails": {
                        "ADT": {
                            "F": 0,
                            "P": 0,
                            "AllowedMarkup": 0,
                            "UtilizedMarkup": 2,
                            "BalanceMarkup": 0
                        },
                        "CHD": {
                            "F": 0,
                            "P": 0,
                            "AllowedMarkup": 0,
                            "UtilizedMarkup": 2,
                            "BalanceMarkup": 0
                        },
                        "INF": {
                            "F": 0,
                            "P": 0,
                            "AllowedMarkup": 0,
                            "UtilizedMarkup": 2,
                            "BalanceMarkup": 0
                        }
                    },
                    "Currency": "CAD",
                    "MarkupExcRate": 1
                },
                "AgencyCommission": {
                    "BookingCurrencyPrice": 6,
                    "EquivCurrencyPrice": 6
                },
                "AgencyYqCommission": {
                    "BookingCurrencyPrice": 0,
                    "EquivCurrencyPrice": 0
                },
                "PortalMarkup": {
                    "BookingCurrencyPrice": 0,
                    "EquivCurrencyPrice": 0
                },
                "PortalSurcharge": {
                    "BookingCurrencyPrice": 0,
                    "EquivCurrencyPrice": 0
                },
                "PortalDiscount": {
                    "BookingCurrencyPrice": 0,
                    "EquivCurrencyPrice": 0
                },
                "ChangeFeeBefore": {
                    "BookingCurrencyPrice": 0,
                    "EquivCurrencyPrice": 0
                },
                "ChangeFeeAfter": {
                    "BookingCurrencyPrice": 0,
                    "EquivCurrencyPrice": 0
                },
                "CancelFeeBefore": {
                    "BookingCurrencyPrice": 326.8,
                    "EquivCurrencyPrice": 326.8
                },
                "CancelFeeAfter": {
                    "BookingCurrencyPrice": 326.8,
                    "EquivCurrencyPrice": 326.8
                },
                "PaxSeatInfo": [
                    
                ],
                "0_FlightStops": 1,
                "0_FlightDuration": 445,
                "0_FlightDeparture": "2022-09-24T15:30:00",
                "0_MarketingAirline": 1,
                "OfferItem": [
                    {
                        "OfferItemID": "OFFERITEMID1",
                        "Refundable": "false",
                        "PassengerType": "ADT",
                        "PassengerQuantity": 1,
                        "TotalPriceDetail": {
                            "TotalAmount": {
                                "BookingCurrencyPrice": 328.8,
                                "EquivCurrencyPrice": 328.8
                            }
                        },
                        "Service": [
                            {
                                "ServiceID": "SV1",
                                "PassengerRefs": "ADT1 ",
                                "FlightRefs": "Flight1"
                            }
                        ],
                        "FareDetail": {
                            "PassengerRefs": "ADT1 ",
                            "Price": {
                                "TotalAmount": {
                                    "BookingCurrencyPrice": 328.8,
                                    "EquivCurrencyPrice": 328.8,
                                    "ApiCurrencyPrice": 326.8
                                },
                                "BaseAmount": {
                                    "BookingCurrencyPrice": 249,
                                    "EquivCurrencyPrice": 249,
                                    "ApiCurrencyPrice": 247
                                },
                                "TaxAmount": {
                                    "BookingCurrencyPrice": 79.8,
                                    "EquivCurrencyPrice": 79.8,
                                    "ApiCurrencyPrice": 79.8
                                },
                                "AgencyCommission": {
                                    "BookingCurrencyPrice": 2,
                                    "EquivCurrencyPrice": 2
                                },
                                "AgencyYqCommission": {
                                    "BookingCurrencyPrice": 0,
                                    "EquivCurrencyPrice": 0
                                },
                                "BookingFee": {
                                    "BookingCurrencyPrice": 0,
                                    "EquivCurrencyPrice": 0
                                },
                                "PortalMarkup": {
                                    "BookingCurrencyPrice": 0,
                                    "EquivCurrencyPrice": 0
                                },
                                "PortalSurcharge": {
                                    "BookingCurrencyPrice": 0,
                                    "EquivCurrencyPrice": 0
                                },
                                "PortalDiscount": {
                                    "BookingCurrencyPrice": 0,
                                    "EquivCurrencyPrice": 0
                                },
                                "CommissionableTotalPrice": {
                                    "BookingCurrencyPrice": 326.8,
                                    "EquivCurrencyPrice": 326.8
                                },
                                "CommissionableBasePrice": {
                                    "BookingCurrencyPrice": 247,
                                    "EquivCurrencyPrice": 247
                                },
                                "Taxes": [
                                    {
                                        "TaxCode": "IN",
                                        "BookingCurrencyPrice": 1.4,
                                        "EquivCurrencyPrice": 1.4
                                    },
                                    {
                                        "TaxCode": "K3",
                                        "BookingCurrencyPrice": 13.9,
                                        "EquivCurrencyPrice": 13.9
                                    },
                                    {
                                        "TaxCode": "P2",
                                        "BookingCurrencyPrice": 17.8,
                                        "EquivCurrencyPrice": 17.8
                                    },
                                    {
                                        "TaxCode": "I2",
                                        "BookingCurrencyPrice": 3.3,
                                        "EquivCurrencyPrice": 3.3
                                    },
                                    {
                                        "TaxCode": "OM",
                                        "BookingCurrencyPrice": 9.8,
                                        "EquivCurrencyPrice": 9.8
                                    },
                                    {
                                        "TaxCode": "ZR",
                                        "BookingCurrencyPrice": 1.7,
                                        "EquivCurrencyPrice": 1.7
                                    },
                                    {
                                        "TaxCode": "YQ",
                                        "BookingCurrencyPrice": 24.4,
                                        "EquivCurrencyPrice": 24.4
                                    },
                                    {
                                        "TaxCode": "YR",
                                        "BookingCurrencyPrice": 7.5,
                                        "EquivCurrencyPrice": 7.5
                                    }
                                ]
                            },
                            "ApiPrice": {
                                "TotalAmount": 326.8,
                                "BaseAmount": 247,
                                "TaxAmount": 79.8,
                                "YqTaxAmount": 24.4,
                                "YrTaxAmount": 7.5
                            }
                        },
                        "FareComponent": [
                            {
                                "PriceClassRef": "PCR_1",
                                "SegmentRefs": "Segment1 Segment2"
                            }
                        ]
                    },
                    {
                        "OfferItemID": "OFFERITEMID2",
                        "Refundable": "false",
                        "PassengerType": "CHD",
                        "PassengerQuantity": 1,
                        "TotalPriceDetail": {
                            "TotalAmount": {
                                "BookingCurrencyPrice": 275.3,
                                "EquivCurrencyPrice": 275.3
                            }
                        },
                        "Service": [
                            {
                                "ServiceID": "SV1",
                                "PassengerRefs": "CHD1 ",
                                "FlightRefs": "Flight1"
                            }
                        ],
                        "FareDetail": {
                            "PassengerRefs": "CHD1 ",
                            "Price": {
                                "TotalAmount": {
                                    "BookingCurrencyPrice": 275.3,
                                    "EquivCurrencyPrice": 275.3,
                                    "ApiCurrencyPrice": 273.3
                                },
                                "BaseAmount": {
                                    "BookingCurrencyPrice": 198,
                                    "EquivCurrencyPrice": 198,
                                    "ApiCurrencyPrice": 196
                                },
                                "TaxAmount": {
                                    "BookingCurrencyPrice": 77.3,
                                    "EquivCurrencyPrice": 77.3,
                                    "ApiCurrencyPrice": 77.3
                                },
                                "AgencyCommission": {
                                    "BookingCurrencyPrice": 2,
                                    "EquivCurrencyPrice": 2
                                },
                                "AgencyYqCommission": {
                                    "BookingCurrencyPrice": 0,
                                    "EquivCurrencyPrice": 0
                                },
                                "BookingFee": {
                                    "BookingCurrencyPrice": 0,
                                    "EquivCurrencyPrice": 0
                                },
                                "PortalMarkup": {
                                    "BookingCurrencyPrice": 0,
                                    "EquivCurrencyPrice": 0
                                },
                                "PortalSurcharge": {
                                    "BookingCurrencyPrice": 0,
                                    "EquivCurrencyPrice": 0
                                },
                                "PortalDiscount": {
                                    "BookingCurrencyPrice": 0,
                                    "EquivCurrencyPrice": 0
                                },
                                "CommissionableTotalPrice": {
                                    "BookingCurrencyPrice": 273.3,
                                    "EquivCurrencyPrice": 273.3
                                },
                                "CommissionableBasePrice": {
                                    "BookingCurrencyPrice": 196,
                                    "EquivCurrencyPrice": 196
                                },
                                "Taxes": [
                                    {
                                        "TaxCode": "IN",
                                        "BookingCurrencyPrice": 1.4,
                                        "EquivCurrencyPrice": 1.4
                                    },
                                    {
                                        "TaxCode": "K3",
                                        "BookingCurrencyPrice": 11.4,
                                        "EquivCurrencyPrice": 11.4
                                    },
                                    {
                                        "TaxCode": "P2",
                                        "BookingCurrencyPrice": 17.8,
                                        "EquivCurrencyPrice": 17.8
                                    },
                                    {
                                        "TaxCode": "I2",
                                        "BookingCurrencyPrice": 3.3,
                                        "EquivCurrencyPrice": 3.3
                                    },
                                    {
                                        "TaxCode": "OM",
                                        "BookingCurrencyPrice": 9.8,
                                        "EquivCurrencyPrice": 9.8
                                    },
                                    {
                                        "TaxCode": "ZR",
                                        "BookingCurrencyPrice": 1.7,
                                        "EquivCurrencyPrice": 1.7
                                    },
                                    {
                                        "TaxCode": "YQ",
                                        "BookingCurrencyPrice": 24.4,
                                        "EquivCurrencyPrice": 24.4
                                    },
                                    {
                                        "TaxCode": "YR",
                                        "BookingCurrencyPrice": 7.5,
                                        "EquivCurrencyPrice": 7.5
                                    }
                                ]
                            },
                            "ApiPrice": {
                                "TotalAmount": 273.3,
                                "BaseAmount": 196,
                                "TaxAmount": 77.3,
                                "YqTaxAmount": 24.4,
                                "YrTaxAmount": 7.5
                            }
                        },
                        "FareComponent": [
                            {
                                "PriceClassRef": "PCR_1",
                                "SegmentRefs": "Segment1 Segment2"
                            }
                        ]
                    },
                    {
                        "OfferItemID": "OFFERITEMID3",
                        "Refundable": "false",
                        "PassengerType": "INF",
                        "PassengerQuantity": 1,
                        "TotalPriceDetail": {
                            "TotalAmount": {
                                "BookingCurrencyPrice": 79.9,
                                "EquivCurrencyPrice": 79.9
                            }
                        },
                        "Service": [
                            {
                                "ServiceID": "SV1",
                                "PassengerRefs": "INF1 ",
                                "FlightRefs": "Flight1"
                            }
                        ],
                        "FareDetail": {
                            "PassengerRefs": "INF1 ",
                            "Price": {
                                "TotalAmount": {
                                    "BookingCurrencyPrice": 79.9,
                                    "EquivCurrencyPrice": 79.9,
                                    "ApiCurrencyPrice": 77.9
                                },
                                "BaseAmount": {
                                    "BookingCurrencyPrice": 69,
                                    "EquivCurrencyPrice": 69,
                                    "ApiCurrencyPrice": 67
                                },
                                "TaxAmount": {
                                    "BookingCurrencyPrice": 10.9,
                                    "EquivCurrencyPrice": 10.9,
                                    "ApiCurrencyPrice": 10.9
                                },
                                "AgencyCommission": {
                                    "BookingCurrencyPrice": 2,
                                    "EquivCurrencyPrice": 2
                                },
                                "AgencyYqCommission": {
                                    "BookingCurrencyPrice": 0,
                                    "EquivCurrencyPrice": 0
                                },
                                "BookingFee": {
                                    "BookingCurrencyPrice": 0,
                                    "EquivCurrencyPrice": 0
                                },
                                "PortalMarkup": {
                                    "BookingCurrencyPrice": 0,
                                    "EquivCurrencyPrice": 0
                                },
                                "PortalSurcharge": {
                                    "BookingCurrencyPrice": 0,
                                    "EquivCurrencyPrice": 0
                                },
                                "PortalDiscount": {
                                    "BookingCurrencyPrice": 0,
                                    "EquivCurrencyPrice": 0
                                },
                                "CommissionableTotalPrice": {
                                    "BookingCurrencyPrice": 77.9,
                                    "EquivCurrencyPrice": 77.9
                                },
                                "CommissionableBasePrice": {
                                    "BookingCurrencyPrice": 67,
                                    "EquivCurrencyPrice": 67
                                },
                                "Taxes": [
                                    {
                                        "TaxCode": "K3",
                                        "BookingCurrencyPrice": 3.7,
                                        "EquivCurrencyPrice": 3.7
                                    },
                                    {
                                        "TaxCode": "YR",
                                        "BookingCurrencyPrice": 7.2,
                                        "EquivCurrencyPrice": 7.2
                                    }
                                ]
                            },
                            "ApiPrice": {
                                "TotalAmount": 77.9,
                                "BaseAmount": 67,
                                "TaxAmount": 10.9,
                                "YqTaxAmount": 0,
                                "YrTaxAmount": 7.2
                            }
                        },
                        "FareComponent": [
                            {
                                "PriceClassRef": "PCR_1",
                                "SegmentRefs": "Segment1 Segment2"
                            }
                        ]
                    }
                ],
                "AirlineCharge": [
                    {
                        "BuyingFare": 678,
                        "SellingFare": 684,
                        "AirlineCharge": 678,
                        "ReqAirlineCharge": 678,
                        "FaerType": "PUB",
                        "OfferID": "1777142611648460552448528347",
                        "Owner": "WY",
                        "MultipleFop": "N"
                    }
                ],
                "SplitPaymentInfo": [
                    {
                        "AirItineraryId": "1777142611648460552448528347",
                        "MultipleFop": "N",
                        "MaxCardsPerPax": 0,
                        "MaxCardsPerPaxInMFOP": 0,
                        "AllowedMarkup": {
                            "ADT": 0,
                            "CHD": 0,
                            "INF": 0
                        }
                    }
                ],
                "SupplierWiseFares": [
                    {
                        "SupplierAccountId": 577,
                        "ConsumerAccountid": 577,
                        "PosBaseFare": 516,
                        "PosTaxFare": 168,
                        "PosTotalFare": 684,
                        "PaxFareBreakup": [
                            {
                                "PaxType": "ADT",
                                "PaxQuantity": 1,
                                "PosBaseFare": 249,
                                "PosTaxFare": 79.8,
                                "PosYQTax": 24.4,
                                "PosYRTax": 7.5,
                                "PosTotalFare": 328.8,
                                "ItinTax": [
                                    {
                                        "TaxCode": "IN",
                                        "ApiAmount": 1.4,
                                        "PosAmount": 1.4,
                                        "ReqAmount": 1.4,
                                        "TaxLine": 1,
                                        "PosApiAmount": 1.4,
                                        "ReqApiAmount": 1.4
                                    },
                                    {
                                        "TaxCode": "K3",
                                        "ApiAmount": 13.9,
                                        "PosAmount": 13.9,
                                        "ReqAmount": 13.9,
                                        "TaxLine": 2,
                                        "PosApiAmount": 13.9,
                                        "ReqApiAmount": 13.9
                                    },
                                    {
                                        "TaxCode": "P2",
                                        "ApiAmount": 17.8,
                                        "PosAmount": 17.8,
                                        "ReqAmount": 17.8,
                                        "TaxLine": 3,
                                        "PosApiAmount": 17.8,
                                        "ReqApiAmount": 17.8
                                    },
                                    {
                                        "TaxCode": "I2",
                                        "ApiAmount": 3.3,
                                        "PosAmount": 3.3,
                                        "ReqAmount": 3.3,
                                        "TaxLine": 4,
                                        "PosApiAmount": 3.3,
                                        "ReqApiAmount": 3.3
                                    },
                                    {
                                        "TaxCode": "OM",
                                        "ApiAmount": 9.8,
                                        "PosAmount": 9.8,
                                        "ReqAmount": 9.8,
                                        "TaxLine": 5,
                                        "PosApiAmount": 9.8,
                                        "ReqApiAmount": 9.8
                                    },
                                    {
                                        "TaxCode": "ZR",
                                        "ApiAmount": 1.7,
                                        "PosAmount": 1.7,
                                        "ReqAmount": 1.7,
                                        "TaxLine": 6,
                                        "PosApiAmount": 1.7,
                                        "ReqApiAmount": 1.7
                                    },
                                    {
                                        "TaxCode": "YQ",
                                        "ApiAmount": 24.4,
                                        "PosAmount": 24.4,
                                        "ReqAmount": 24.4,
                                        "TaxLine": 7,
                                        "PosApiAmount": 24.4,
                                        "ReqApiAmount": 24.4
                                    },
                                    {
                                        "TaxCode": "YR",
                                        "ApiAmount": 7.5,
                                        "PosAmount": 7.5,
                                        "ReqAmount": 7.5,
                                        "TaxLine": 8,
                                        "PosApiAmount": 7.5,
                                        "ReqApiAmount": 7.5
                                    }
                                ],
                                "SupplierMarkup": 2,
                                "SupplierDiscount": 0,
                                "SupplierSurcharge": 0,
                                "SupplierAgencyCommission": 2,
                                "SupplierAgencyYqCommission": 0,
                                "SupplierSegmentBenifit": 0,
                                "AddOnCharge": 0,
                                "PortalMarkup": 0,
                                "PortalDiscount": 0,
                                "PortalSurcharge": 0,
                                "SupplierHstAmount": 0,
                                "AddOnHstAmount": 0,
                                "PortalHstAmount": 0,
                                "SupplierUpSaleAmt": 0,
                                "AirlineCommission": 2,
                                "AirlineYqCommission": 0,
                                "AirlineSegmentBenifit": 0,
                                "AirlineCommissionPercentage": "0",
                                "AirlineCommissionFixed": "2",
                                "PosApiTotalFare": 326.8,
                                "PosApiBaseFare": 247,
                                "PosApiTaxFare": 79.8,
                                "PosCurrency": "CAD",
                                "SupplierBookingFee": 0,
                                "PortalBookingFee": 0,
                                "AirlineSegmentCommission": 0
                            },
                            {
                                "PaxType": "CHD",
                                "PaxQuantity": 1,
                                "PosBaseFare": 198,
                                "PosTaxFare": 77.3,
                                "PosYQTax": 24.4,
                                "PosYRTax": 7.5,
                                "PosTotalFare": 275.3,
                                "ItinTax": [
                                    {
                                        "TaxCode": "IN",
                                        "ApiAmount": 1.4,
                                        "PosAmount": 1.4,
                                        "ReqAmount": 1.4,
                                        "TaxLine": 1,
                                        "PosApiAmount": 1.4,
                                        "ReqApiAmount": 1.4
                                    },
                                    {
                                        "TaxCode": "K3",
                                        "ApiAmount": 11.4,
                                        "PosAmount": 11.4,
                                        "ReqAmount": 11.4,
                                        "TaxLine": 2,
                                        "PosApiAmount": 11.4,
                                        "ReqApiAmount": 11.4
                                    },
                                    {
                                        "TaxCode": "P2",
                                        "ApiAmount": 17.8,
                                        "PosAmount": 17.8,
                                        "ReqAmount": 17.8,
                                        "TaxLine": 3,
                                        "PosApiAmount": 17.8,
                                        "ReqApiAmount": 17.8
                                    },
                                    {
                                        "TaxCode": "I2",
                                        "ApiAmount": 3.3,
                                        "PosAmount": 3.3,
                                        "ReqAmount": 3.3,
                                        "TaxLine": 4,
                                        "PosApiAmount": 3.3,
                                        "ReqApiAmount": 3.3
                                    },
                                    {
                                        "TaxCode": "OM",
                                        "ApiAmount": 9.8,
                                        "PosAmount": 9.8,
                                        "ReqAmount": 9.8,
                                        "TaxLine": 5,
                                        "PosApiAmount": 9.8,
                                        "ReqApiAmount": 9.8
                                    },
                                    {
                                        "TaxCode": "ZR",
                                        "ApiAmount": 1.7,
                                        "PosAmount": 1.7,
                                        "ReqAmount": 1.7,
                                        "TaxLine": 6,
                                        "PosApiAmount": 1.7,
                                        "ReqApiAmount": 1.7
                                    },
                                    {
                                        "TaxCode": "YQ",
                                        "ApiAmount": 24.4,
                                        "PosAmount": 24.4,
                                        "ReqAmount": 24.4,
                                        "TaxLine": 7,
                                        "PosApiAmount": 24.4,
                                        "ReqApiAmount": 24.4
                                    },
                                    {
                                        "TaxCode": "YR",
                                        "ApiAmount": 7.5,
                                        "PosAmount": 7.5,
                                        "ReqAmount": 7.5,
                                        "TaxLine": 8,
                                        "PosApiAmount": 7.5,
                                        "ReqApiAmount": 7.5
                                    }
                                ],
                                "SupplierMarkup": 2,
                                "SupplierDiscount": 0,
                                "SupplierSurcharge": 0,
                                "SupplierAgencyCommission": 2,
                                "SupplierAgencyYqCommission": 0,
                                "SupplierSegmentBenifit": 0,
                                "AddOnCharge": 0,
                                "PortalMarkup": 0,
                                "PortalDiscount": 0,
                                "PortalSurcharge": 0,
                                "SupplierHstAmount": 0,
                                "AddOnHstAmount": 0,
                                "PortalHstAmount": 0,
                                "SupplierUpSaleAmt": 0,
                                "AirlineCommission": 2,
                                "AirlineYqCommission": 0,
                                "AirlineSegmentBenifit": 0,
                                "AirlineCommissionPercentage": "0",
                                "AirlineCommissionFixed": "2",
                                "PosApiTotalFare": 273.3,
                                "PosApiBaseFare": 196,
                                "PosApiTaxFare": 77.3,
                                "PosCurrency": "CAD",
                                "SupplierBookingFee": 0,
                                "PortalBookingFee": 0,
                                "AirlineSegmentCommission": 0
                            },
                            {
                                "PaxType": "INF",
                                "PaxQuantity": 1,
                                "PosBaseFare": 69,
                                "PosTaxFare": 10.9,
                                "PosYQTax": 0,
                                "PosYRTax": 7.2,
                                "PosTotalFare": 79.9,
                                "ItinTax": [
                                    {
                                        "TaxCode": "K3",
                                        "ApiAmount": 3.7,
                                        "PosAmount": 3.7,
                                        "ReqAmount": 3.7,
                                        "TaxLine": 1,
                                        "PosApiAmount": 3.7,
                                        "ReqApiAmount": 3.7
                                    },
                                    {
                                        "TaxCode": "YR",
                                        "ApiAmount": 7.2,
                                        "PosAmount": 7.2,
                                        "ReqAmount": 7.2,
                                        "TaxLine": 2,
                                        "PosApiAmount": 7.2,
                                        "ReqApiAmount": 7.2
                                    }
                                ],
                                "SupplierMarkup": 2,
                                "SupplierDiscount": 0,
                                "SupplierSurcharge": 0,
                                "SupplierAgencyCommission": 2,
                                "SupplierAgencyYqCommission": 0,
                                "SupplierSegmentBenifit": 0,
                                "AddOnCharge": 0,
                                "PortalMarkup": 0,
                                "PortalDiscount": 0,
                                "PortalSurcharge": 0,
                                "SupplierHstAmount": 0,
                                "AddOnHstAmount": 0,
                                "PortalHstAmount": 0,
                                "SupplierUpSaleAmt": 0,
                                "AirlineCommission": 2,
                                "AirlineYqCommission": 0,
                                "AirlineSegmentBenifit": 0,
                                "AirlineCommissionPercentage": "0",
                                "AirlineCommissionFixed": "2",
                                "PosApiTotalFare": 77.9,
                                "PosApiBaseFare": 67,
                                "PosApiTaxFare": 10.9,
                                "PosCurrency": "CAD",
                                "SupplierBookingFee": 0,
                                "PortalBookingFee": 0,
                                "AirlineSegmentCommission": 0
                            }
                        ],
                        "SupplierMarkup": 6,
                        "SupplierDiscount": 0,
                        "SupplierSurcharge": 0,
                        "SupplierAgencyCommission": 6,
                        "SupplierAgencyYqCommission": 0,
                        "SupplierSegmentBenifit": 0,
                        "PosTemplateId": 1777,
                        "PosTemplateName": "Engine_Automation_Live",
                        "PosContractId": 572,
                        "PosContractName": "WS-WY-GF-AC-EY-UL-AA-BA_PUB-PRI-ITX-PFA-COM_Engine_1A/1A/1V/1V/1S_YOWC42117/YTOC421H7/2E9L/229G/KY6G_@@@Engine_Automation",
                        "PosContractCode": "56576",
                        "PosRuleId": 772,
                        "PosRuleName": "Markup",
                        "PosRuleCode": "5656",
                        "ContractRemarks": {
                            "osi_notes": "",
                            "ticket_designator": "",
                            "endorsement": "",
                            "override_endosement": "N",
                            "tour_code": "",
                            "remark": "",
                            "itbt": "N",
                            "eligibility": "Y",
                            "cancellation": {
                                "before": "",
                                "after": ""
                            },
                            "changes": {
                                "before": "",
                                "after": ""
                            },
                            "no_show": {
                                "after": ""
                            },
                            "non_eligibility_info": [
                                
                            ],
                            "endosement": "",
                            "fop_allowed": "Y",
                            "fop_details": {
                                "CC": {
                                    "Allowed": "Y",
                                    "Types": {
                                        "AX": {
                                            "P": 0,
                                            "F": "1"
                                        },
                                        "MC": {
                                            "P": 0,
                                            "F": "1"
                                        },
                                        "VI": {
                                            "P": 0,
                                            "F": "1"
                                        }
                                    }
                                },
                                "DC": {
                                    "Allowed": "Y",
                                    "Types": {
                                        "MC": {
                                            "P": 0,
                                            "F": 0
                                        },
                                        "VI": {
                                            "P": 0,
                                            "F": 0
                                        }
                                    }
                                },
                                "CASH": {
                                    "Allowed": "Y"
                                },
                                "CHEQUE": {
                                    "Allowed": "Y"
                                },
                                "ACH": {
                                    "Allowed": "Y"
                                },
                                "PG": {
                                    "Allowed": "Y"
                                }
                            }
                        },
                        "SupplierMarkupTemplateId": 1683,
                        "SupplierMarkupTemplateName": "Engine_Automation",
                        "SupplierMarkupContractId": 2013,
                        "SupplierMarkupContractName": "WS-WY-GF-AC-EY-UL-AA-BA_PUB-PRI-ITX-PFA-COM_Engine_1A/1A/1V/1V/1S_YOWC42117/YTOC421H7/2E9L/229G/KY6G_@@@Engine_Automation Group 5851",
                        "SupplierMarkupRuleId": 2222,
                        "SupplierMarkupRuleName": "Markup",
                        "SupplierMarkupRuleCode": "5656",
                        "SupplierMarkupRuleType": "M",
                        "SupplierMarkupRef": "R",
                        "SupplierSurchargeIds": "",
                        "SupplierSurcharges": [
                            {
                                
                            },
                            {
                                
                            },
                            {
                                
                            }
                        ],
                        "AddOnCharge": 0,
                        "PortalMarkup": 0,
                        "PortalDiscount": 0,
                        "PortalSurcharge": 0,
                        "PortalMarkupTemplateId": 0,
                        "PortalMarkupTemplateName": "",
                        "PortalMarkupContractName": "",
                        "PortalMarkupRuleId": 0,
                        "PortalMarkupRuleName": "",
                        "PortalMarkupRuleCode": "",
                        "PortalSurchargeIds": "",
                        "PortalPaxSurcharges": [
                            {
                                
                            },
                            {
                                
                            },
                            {
                                
                            }
                        ],
                        "SupplierHstAmount": 0,
                        "AddOnHstAmount": 0,
                        "PortalHstAmount": 0,
                        "FopDetails": {
                            "CC": {
                                "Allowed": "Y",
                                "Types": {
                                    "AX": {
                                        "P": 0,
                                        "F": "1"
                                    },
                                    "MC": {
                                        "P": 0,
                                        "F": "01"
                                    },
                                    "VI": {
                                        "P": 0,
                                        "F": "1"
                                    }
                                }
                            },
                            "DC": {
                                "Allowed": "Y",
                                "Types": {
                                    "MC": {
                                        "P": 0,
                                        "F": 0
                                    },
                                    "VI": {
                                        "P": 0,
                                        "F": 0
                                    }
                                }
                            },
                            "CASH": {
                                "Allowed": "Y"
                            },
                            "CHEQUE": {
                                "Allowed": "Y"
                            },
                            "ACH": {
                                "Allowed": "Y"
                            },
                            "PG": {
                                "Allowed": "Y"
                            }
                        },
                        "SupplierUpSaleAmt": 0,
                        "AirlineCommission": 6,
                        "AirlineYqCommission": 0,
                        "AirlineSegmentBenifit": 0,
                        "SupplierBookingFeeType": "",
                        "PortalBookingFeeType": "",
                        "SupplierBookingFee": 0,
                        "PortalBookingFee": 0,
                        "MarkupRuleLoyaltyCode": "Markup_5656_2222",
                        "AirlineSegmentCommission": null
                    }
                ],
                "BookingToEquivExRate": 1,
                "ApiCurrency": "CAD",
                "ApiCurrencyExRate": 1,
                "ReqCurrency": "CAD",
                "ReqCurrencyExRate": 1,
                "PosCurrency": "CAD",
                "PosCurrencyExRate": 1,
                "SupplierId": 577,
                "FopRef": "FOP_577_577_1426_772_WY_PRI"
            }
        ],
        "DataLists": {
            "PassengerList": {
                "Passengers": [
                    {
                        "ContactAddress": {
                            "TypeOfAddress": "D",
                            "Address": "",
                            "State": "",
                            "Country": "",
                            "PostalCode": "",
                            "City": ""
                        },
                        "FirstName": "Rajan",
                        "SsrRequest": [
                            
                        ],
                        "Gender": "Male",
                        "MiddleName": "",
                        "SeatSelection": [
                            
                        ],
                        "OnflyDiscount": "0.00",
                        "NameTitle": "Mr",
                        "Passport": {
                            "ExpiryDate": "1970-01-01",
                            "Number": "",
                            "CountryCode": ""
                        },
                        "OptionalServices": [
                            
                        ],
                        "OnflyMarkup": "0.00",
                        "ContactInfoRef": "CTC1",
                        "Preference": {
                            "WheelChairPreference": {
                                "Reason": ""
                            },
                            "SeatPreference": "",
                            "MealPreference": ""
                        },
                        "RedressDetails": {
                            "RedressNumber": "",
                            "KnownTravellerNumber": ""
                        },
                        "attributes": {
                            "PassengerID": "ADT1"
                        },
                        "LastName": "Santhosh",
                        "PassengerRefID": "ADT1",
                        "PTC": "ADT",
                        "BirthDate": "1995-05-18"
                    },
                    {
                        "ContactAddress": {
                            "TypeOfAddress": "D",
                            "Address": "",
                            "State": "",
                            "Country": "",
                            "PostalCode": "",
                            "City": ""
                        },
                        "FirstName": "karan",
                        "SsrRequest": [
                            
                        ],
                        "Gender": "Male",
                        "MiddleName": "",
                        "SeatSelection": [
                            
                        ],
                        "OnflyDiscount": "0.00",
                        "NameTitle": "Mstr",
                        "Passport": {
                            "ExpiryDate": "1970-01-01",
[...]
            "PassengerList": {
                "Passengers": [
                    {
                        "ContactAddress": {
                            "TypeOfAddress": "D",
                            "Address": "",
                            "State": "",
                            "Country": "",
                            "PostalCode": "",
                            "City": ""
                        },
                        "FirstName": "Kannan",
                        "SsrRequest": [
                            
                        ],
                        "Gender": "Male",
                        "MiddleName": "",
                        "SeatSelection": [
                            
                        ],
                        "OnflyDiscount": "0.00",
                        "NameTitle": "Mr",
                        "Passport": {
                            "ExpiryDate": "1970-01-01",
                            "Number": "",
                            "CountryCode": ""
                        },
                        "OptionalServices": [
                            
                        ],
                        "OnflyMarkup": "1.66",
                        "ContactInfoRef": "CTC1",
                        "Preference": {
                            "WheelChairPreference": {
                                "Reason": ""
                            },
                            "SeatPreference": "",
                            "MealPreference": ""
                        },
                        "RedressDetails": {
                            "RedressNumber": "",
                            "KnownTravellerNumber": ""
                        },
                        "attributes": {
                            "PassengerID": "ADT1"
                        },
                        "LastName": "Santhosh",
                        "PassengerRefID": "ADT1",
                        "PTC": "ADT",
                        "BirthDate": "1997-09-11"
                    },
                    {
                        "ContactAddress": {
                            "TypeOfAddress": "D",
                            "Address": "",
                            "State": "",
                            "Country": "",
                            "PostalCode": "",
                            "City": ""
                        },
                        "FirstName": "Rajan",
                        "SsrRequest": [
                            
                        ],
                        "Gender": "Male",
                        "MiddleName": "",
                        "SeatSelection": [
                            
                        ],
                        "OnflyDiscount": "0.00",
                        "NameTitle": "Mstr",
                        "Passport": {
                            "ExpiryDate": "1970-01-01",
                            "Number": "",
                            "CountryCode": ""
                        },
                        "OptionalServices": [
                            
                        ],
                        "OnflyMarkup": "1.67",
                        "ContactInfoRef": "CTC1",
                        "Preference": {
                            "WheelChairPreference": {
                                "Reason": ""
                            },
                            "SeatPreference": "",
                            "MealPreference": ""
                        },
                        "RedressDetails": {
                            "RedressNumber": "",
                            "KnownTravellerNumber": ""
                        },
                        "attributes": {
                            "PassengerID": "CHD1"
                        },
                        "LastName": "Raja",
                        "PassengerRefID": "CHD1",
                        "PTC": "CHD",
                        "BirthDate": "2011-09-15"
                    },
                    {
                        "ContactAddress": {
                            "TypeOfAddress": "D",
                            "Address": "",
                            "State": "",
                            "Country": "",
                            "PostalCode": "",
                            "City": ""
                        },
                        "FirstName": "Rajan",
                        "SsrRequest": [
                            
                        ],
                        "Gender": "Male",
                        "MiddleName": "",
                        "SeatSelection": [
                            
                        ],
                        "OnflyDiscount": "0.00",
                        "NameTitle": "Mstr",
                        "Passport": {
                            "ExpiryDate": "1970-01-01",
                            "Number": "",
                            "CountryCode": ""
                        },
                        "OptionalServices": [
                            
                        ],
                        "OnflyMarkup": "1.67",
                        "ContactInfoRef": "CTC1",
                        "Preference": {
                            "WheelChairPreference": {
                                "Reason": ""
                            },
                            "SeatPreference": "",
                            "MealPreference": ""
                        },
                        "RedressDetails": {
                            "RedressNumber": "",
                            "KnownTravellerNumber": ""
                        },
                        "attributes": {
                            "PassengerID": "INF1"
                        },
                        "LastName": "Sundar",
                        "PassengerRefID": "INF1",
                        "PTC": "INF",
                        "BirthDate": "2021-02-18"
                    }
                ]
            },
            "DisclosureList": {
                "Disclosures": [
                    
                ]
            },
            "FareList": {
                "FareGroup": [
                    
                ]
            },
            "FlightSegmentList": {
                "FlightSegment": [
                    {
                        "SegmentKey": "Segment1",
                        "Departure": {
                            "AirportCode": "MAA",
                            "Date": "2022-09-24",
                            "Time": "15:30:00",
                            "AirportName": "Chennai International Airport",
                            "Terminal": {
                                "Name": ""
                            }
                        },
                        "Arrival": {
                            "AirportCode": "MCT",
                            "Date": "2022-09-24",
                            "Time": "17:50:00",
                            "AirportName": "Muscat International Airport",
                            "Terminal": {
                                "Name": ""
                            }
                        },
                        "MarketingCarrier": {
                            "AirlineID": "WY",
                            "Name": "Oman Air",
                            "FlightNumber": "254",
                            "OrgAirlineID": "WY"
                        },
                        "OperatingCarrier": {
                            "AirlineID": "WY",
                            "Name": "Oman Air",
                            "FlightNumber": "254",
                            "OrgAirlineID": "WY"
                        },
                        "Equipment": {
                            "AircraftCode": "7M8",
                            "Name": "7M8"
                        },
                        "Code": {
                            "MarriageGroup": "0",
                            "ResBookDesigCode": "L",
                            "Cabin": "Y"
                        },
                        "FlightDetail": {
                            "FlightDuration": {
                                "Value": "3 H 50 M"
                            },
                            "Stops": {
                                "Value": 0
                            },
                            "InterMediate": [
                                
                            ],
                            "AirMilesFlown": 1597,
                            "SegmentPnr": "JNHNRI"
                        },
                        "BrandId": "0002"
                    },
                    {
                        "SegmentKey": "Segment2",
                        "Departure": {
                            "AirportCode": "MCT",
                            "Date": "2022-09-24",
                            "Time": "20:10:00",
                            "AirportName": "Muscat International Airport",
                            "Terminal": {
                                "Name": ""
                            }
                        },
                        "Arrival": {
                            "AirportCode": "DXB",
                            "Date": "2022-09-24",
                            "Time": "21:25:00",
                            "AirportName": "Dubai International Airport",
                            "Terminal": {
                                "Name": "1"
                            }
                        },
                        "MarketingCarrier": {
                            "AirlineID": "WY",
                            "Name": "Oman Air",
                            "FlightNumber": "611",
                            "OrgAirlineID": "WY"
                        },
                        "OperatingCarrier": {
                            "AirlineID": "WY",
                            "Name": "Oman Air",
                            "FlightNumber": "611",
                            "OrgAirlineID": "WY"
                        },
                        "Equipment": {
                            "AircraftCode": "7M8",
                            "Name": "7M8"
                        },
                        "Code": {
                            "MarriageGroup": "0",
                            "ResBookDesigCode": "L",
                            "Cabin": "Y"
                        },
                        "FlightDetail": {
                            "FlightDuration": {
                                "Value": "1 H 15 M"
                            },
                            "Stops": {
                                "Value": 0
                            },
                            "InterMediate": [
                                
                            ],
                            "AirMilesFlown": 230,
                            "SegmentPnr": "JNHNRI"
                        },
                        "BrandId": "0002"
                    }
                ]
            },
            "FlightList": {
                "Flight": [
                    {
                        "FlightKey": "Flight1",
                        "Journey": {
                            "Time": "7 H 25 M",
                            "Stops": 1
                        },
                        "SegmentReferences": "Segment1 Segment2"
                    }
                ]
            },
            "OriginDestinationList": {
                "OriginDestination": [
                    {
                        "OriginDestinationKey": "OD1",
                        "DepartureCode": "MAA",
                        "ArrivalCode": "DXB",
                        "FlightReferences": "Flight1"
                    }
                ]
            },
            "PriceClassList": {
                "PriceClass": [
                    {
                        "PriceClassID": "PCR_1",
                        "Name": "pri",
                        "ClassOfService": [
                            {
                                "SegementRef": "Segment1",
                                "Code": {
                                    "SeatsLeft": 7,
                                    "Value": "L"
                                },
                                "MarketingName": "",
                                "Carrier": "",
                                "Cabin": "Y",
                                "MediaInfoRefKey": "",
                                "FareBasisCode": "LELOIA",
                                "Baggage": {
                                    "Allowance": 30,
                                    "Unit": "kg"
                                },
                                "Meal": "",
                                "CHD": {
                                    "Baggage": {
                                        "Allowance": 30,
                                        "Unit": "kg"
                                    },
                                    "FareBasisCode": "LELOIA",
                                    "Meal": ""
                                },
                                "INF": {
                                    "Baggage": {
                                        "Allowance": 30,
                                        "Unit": "kg"
                                    },
                                    "FareBasisCode": "LELOIA",
                                    "Meal": ""
                                }
                            },
                            {
                                "SegementRef": "Segment2",
                                "Code": {
                                    "SeatsLeft": 7,
                                    "Value": "L"
                                },
                                "MarketingName": "",
                                "Carrier": "",
                                "Cabin": "Y",
                                "MediaInfoRefKey": "",
                                "FareBasisCode": "LELOIA",
                                "Baggage": {
                                    "Allowance": 30,
                                    "Unit": "kg"
                                },
                                "Meal": "",
                                "CHD": {
                                    "Baggage": {
                                        "Allowance": 30,
                                        "Unit": "kg"
                                    },
                                    "FareBasisCode": "LELOIA",
                                    "Meal": ""
                                },
                                "INF": {
                                    "Baggage": {
                                        "Allowance": 30,
                                        "Unit": "kg"
                                    },
                                    "FareBasisCode": "LELOIA",
                                    "Meal": ""
                                }
                            }
                        ]
                    }
                ]
            },
            "SuppliersList": [
                577
            ],
            "FopList": [
                {
                    "CC": {
                        "Allowed": "Y",
                        "Types": {
                            "AX": {
                                "F": {
                                    "BookingCurrencyPrice": "1",
                                    "EquivCurrencyPrice": "1"
                                },
                                "P": 0,
                                "Charges": {
                                    "BookingCurrencyPrice": 1,
                                    "EquivCurrencyPrice": 1
                                }
                            },
                            "MC": {
                                "F": {
                                    "BookingCurrencyPrice": "01",
                                    "EquivCurrencyPrice": "01"
                                },
                                "P": 0,
                                "Charges": {
                                    "BookingCurrencyPrice": 1,
                                    "EquivCurrencyPrice": 1
                                }
                            },
                            "VI": {
                                "F": {
                                    "BookingCurrencyPrice": "1",
                                    "EquivCurrencyPrice": "1"
                                },
                                "P": 0,
                                "Charges": {
                                    "BookingCurrencyPrice": 1,
                                    "EquivCurrencyPrice": 1
                                }
                            }
                        }
                    },
                    "DC": {
                        "Allowed": "Y",
                        "Types": {
                            "MC": {
                                "F": {
                                    "BookingCurrencyPrice": 0,
                                    "EquivCurrencyPrice": 0
                                },
                                "P": 0,
                                "Charges": {
                                    "BookingCurrencyPrice": 0,
                                    "EquivCurrencyPrice": 0
                                }
                            },
                            "VI": {
                                "F": {
                                    "BookingCurrencyPrice": 0,
                                    "EquivCurrencyPrice": 0
                                },
                                "P": 0,
                                "Charges": {
                                    "BookingCurrencyPrice": 0,
                                    "EquivCurrencyPrice": 0
                                }
                            }
                        }
                    },
                    "CASH": {
                        "Allowed": "Y",
                        "Types": {
                            
                        }
                    },
                    "CHEQUE": {
                        "Allowed": "Y",
                        "Types": {
                            
                        }
                    },
                    "ACH": {
                        "Allowed": "Y",
                        "Types": {
                            
                        }
                    },
                    "PG": {
                        "Allowed": "Y",
                        "Types": {
                            
                        }
                    },
                    "FopKey": "FOP_577_577_1426_772_WY_PRI"
                }
            ],
            "CpList": [
                {
                    
                }
            ]
        }
    }
}
null
15:16:00.553 [main] INFO  onewayBooking.AirShopping - null
15:16:00.553 [main] INFO  listener.TestListeners - <b>Test Method onewayCardBookingVerifySuccess<b>
]]></system-out>
  </testcase>
  <testcase name="onFlyMarkupVerify" classname="runner.EngineApiTest" time="0.018">
    <system-out><![CDATA[15:16:00.554 [main] INFO  listener.TestListeners - <b>Test Method onFlyMarkupVerifyStarted<b>
3
15:16:00.573 [main] INFO  onewayBooking.AirShopping - 3
1.66
15:16:00.597 [main] INFO  onewayBooking.AirShopping - 1.66
1.67
15:16:00.623 [main] INFO  onewayBooking.AirShopping - 1.67
1.67
15:16:00.645 [main] INFO  onewayBooking.AirShopping - 1.67
null
15:16:00.659 [main] INFO  onewayBooking.AirShopping - null
15:16:00.660 [main] INFO  listener.TestListeners - <b>Test Method onFlyMarkupVerifySuccess<b>
]]></system-out>
  </testcase>
</testsuite>